Arguments: 
  /Users/jonfarrell/.nvm/versions/node/v6.9.0/bin/node /opt/local/libexec/yarn/bin/yarn.js

PATH: 
  /Users/jonfarrell/.nvm/versions/node/v6.9.0/bin:/opt/local/bin:/opt/local/sbin:/Library/Frameworks/Python.framework/Versions/3.6/bin:/Applications/MAMP/bin/php/php7.0.12/bin:~/.local/bin:~/.local/bin:/Users/jonfarrell/.rvm/gems/ruby-2.2.1/bin:/Users/jonfarrell/.rvm/gems/ruby-2.2.1@global/bin:/Users/jonfarrell/.rvm/rubies/ruby-2.2.1/bin:/usr/local/bin:/usr/bin:/bin:/usr/sbin:/sbin:/opt/ImageMagick/bin:/Users/jonfarrell/.rvm/bin:/Applications/DevDesktop/drush:/Applications/DevDesktop/drush

Yarn version: 
  1.5.1

Node version: 
  6.9.0

Platform: 
  darwin x64

npm manifest: 
  {
    "name": "mws-restaurant-stage-1",
    "version": "1.0.0",
    "description": "--- #### _Three Stage Course Material Project - Restaurant Reviews_",
    "main": "gulpfile.js",
    "scripts": {
      "test": "echo \"Error: no test specified\" && exit 1"
    },
    "repository": {
      "type": "git",
      "url": "git+https://github.com/farrellScript/mws-restaurant-stage-1.git"
    },
    "author": "",
    "license": "ISC",
    "bugs": {
      "url": "https://github.com/farrellScript/mws-restaurant-stage-1/issues"
    },
    "homepage": "https://github.com/farrellScript/mws-restaurant-stage-1#readme",
    "devDependencies": {
      "babel-preset-env": "^1.7.0",
      "gulp": "^3.9.1",
      "gulp-autoprefixer": "^5.0.0",
      "gulp-concat": "^2.6.1",
      "gulp-imagemin": "^4.1.0",
      "gulp-sass": "^4.0.1",
      "gulp-sourcemaps": "^2.6.4",
      "gulp-uglify": "^3.0.0",
      "gulp-uglify-es": "^1.0.4",
      "gulp-webp": "^3.0.0",
      "idb": "^2.1.3",
      "imagemin-pngquant": "^5.1.0",
      "webpack": "^4.14.0",
      "webpack-stream": "^4.0.3"
    }
  }

yarn manifest: 
  No manifest

Lockfile: 
  No lockfile

Trace: 
  Error: Found incompatible module
      at MessageError.Error (native)
      at new MessageError (/opt/local/libexec/yarn/lib/cli.js:186:110)
      at checkOne (/opt/local/libexec/yarn/lib/cli.js:62444:11)
      at Object.check (/opt/local/libexec/yarn/lib/cli.js:62463:5)
      at /opt/local/libexec/yarn/lib/cli.js:22803:73
      at next (native)
      at step (/opt/local/libexec/yarn/lib/cli.js:98:30)
      at /opt/local/libexec/yarn/lib/cli.js:109:13
